Arguments: 
  /home/liberi/.nvm/versions/node/v14.16.1/bin/node /home/liberi/.nvm/versions/node/v14.16.1/bin/yarn

PATH: 
  /home/liberi/.vscode-server/bin/054a9295330880ed74ceaedda236253b4f39a335/bin:/home/liberi/.nvm/versions/node/v14.16.1/bin:/usr/local/sbin:/usr/local/bin:/usr/sbin:/usr/bin:/sbin:/bin:/usr/games:/usr/local/games:/usr/lib/wsl/lib:/mnt/c/Program Files/Common Files/Oracle/Java/javapath:/mnt/c/Program Files (x86)/Common Files/Oracle/Java/javapath:/mnt/c/WINDOWS/system32:/mnt/c/WINDOWS:/mnt/c/WINDOWS/System32/Wbem:/mnt/c/WINDOWS/System32/WindowsPowerShell/v1.0/:/mnt/c/WINDOWS/System32/OpenSSH/:/mnt/c/src/flutter/bin:/mnt/c/Program Files/PuTTY/:/mnt/c/Program Files/Docker/Docker/resources/bin:/mnt/c/ProgramData/DockerDesktop/version-bin:/mnt/c/Program Files/Git/cmd:/mnt/c/Users/ntwar/AppData/Local/hyper/app-3.0.2/resources/bin:/mnt/c/Users/ntwar/AppData/Local/Microsoft/WindowsApps:/mnt/c/Program Files/JetBrains/CLion 2021.1/bin:/mnt/c/Program Files/JetBrains/IntelliJ IDEA 2021.1/bin:/mnt/c/Users/ntwar/AppData/Local/Programs/Microsoft VS Code/bin:/mnt/c/Users/ntwar/AppData/Local/GitHubDesktop/bin:/mnt/c/Program Files (x86)/GitHub CLI/:/mnt/c/Program Files/JetBrains/PyCharm 2021.1.1/bin:/snap/bin

Yarn version: 
  1.22.10

Node version: 
  14.16.1

Platform: 
  linux x64

Trace: 
  Error: https://registry.yarnpkg.com/css-loader/-/css-loader-2.1.1.tgz: Request failed "521 undefined"
      at ResponseError.ExtendableBuiltin (/home/liberi/.nvm/versions/node/v14.16.1/lib/node_modules/yarn/lib/cli.js:696:66)
      at new ResponseError (/home/liberi/.nvm/versions/node/v14.16.1/lib/node_modules/yarn/lib/cli.js:802:124)
      at Request.<anonymous> (/home/liberi/.nvm/versions/node/v14.16.1/lib/node_modules/yarn/lib/cli.js:67058:16)
      at Request.emit (events.js:315:20)
      at Request.module.exports.Request.onRequestResponse (/home/liberi/.nvm/versions/node/v14.16.1/lib/node_modules/yarn/lib/cli.js:141539:10)
      at ClientRequest.emit (events.js:315:20)
      at HTTPParser.parserOnIncomingClient (_http_client.js:641:27)
      at HTTPParser.parserOnHeadersComplete (_http_common.js:126:17)
      at TLSSocket.socketOnData (_http_client.js:509:22)
      at TLSSocket.emit (events.js:315:20)

npm manifest: 
  {
  	"name": "vue-plugin-template",
  	"version": "1.0.0",
  	"main": "index.js",
  	"license": "MIT",
  	"scripts": {
  		"dev": "webpack --mode=development --watch",
  		"build": "webpack --mode=production",
  		"preview": "live-server --entry-file='livepreview.html'"
  	},
  	"dependencies": {
  		"@vue/compiler-sfc": "^3.0.2",
  		"figma-plugin-ds": "^0.1.8"
  	},
  	"devDependencies": {
  		"@figma/plugin-typings": "^1.18.2",
  		"@types/node": "^12.0.5",
  		"css-loader": "^2.1.1",
  		"html-webpack-inline-source-plugin": "0.0.10",
  		"html-webpack-plugin": "^3.2.0",
  		"live-server": "^1.2.1",
  		"remove-files-webpack-plugin": "^1.1.3",
  		"sass": "^1.20.3",
  		"sass-loader": "^7.1.0",
  		"style-loader": "^0.23.1",
  		"ts-loader": "^6.0.2",
  		"typescript": "^3.5.1",
  		"url-loader": "^1.1.2",
  		"vue": "^3.0.2",
  		"vue-loader": "^16.0.0-beta.8",
  		"vue-template-compiler": "^2.6.10",
  		"webpack": "^4.32.2",
  		"webpack-bundle-analyzer": "^4.3.0",
  		"webpack-cli": "^3.3.2"
  	}
  }

yarn manifest: 
  No manifest

Lockfile: 
  No lockfile
